Using pre-set license
Built from '2021.1/staging' branch; Version is '2021.1.7f1 (d91830b65d9b) revision 14227504'; Using compiler version '192528614'; Build Type 'Release'
OS: 'Windows 10 Home; OS build 19042.1237; Version 2009; 64bit' Language: 'en' Physical Memory: 8034 MB
BatchMode: 1, IsHumanControllingUs: 0, StartBugReporterOnCrash: 0, Is64bit: 1, IsPro: 0

 COMMAND LINE ARGUMENTS:
C:\Program Files\Unity\Hub\Editor\2021.1.7f1\Editor\Unity.exe
-adb2
-batchMode
-noUpm
-name
AssetImportWorker0
-projectPath
C:/Users/macbe/Desktop/Bewijzenmap/Leerjaar2/Periode2.1/BO/Tower Defense/Tower Defense
-logFile
Logs/AssetImportWorker0.log
-srvPort
63470
Successfully changed project path to: C:/Users/macbe/Desktop/Bewijzenmap/Leerjaar2/Periode2.1/BO/Tower Defense/Tower Defense
C:/Users/macbe/Desktop/Bewijzenmap/Leerjaar2/Periode2.1/BO/Tower Defense/Tower Defense
Using Asset Import Pipeline V2.
Refreshing native plugins compatible for Editor in 70.02 ms, found 1 plugins.
Preloading 0 native plugins for Editor in 0.00 ms.
Initialize engine version: 2021.1.7f1 (d91830b65d9b)
[Subsystems] Discovering subsystems at path C:/Program Files/Unity/Hub/Editor/2021.1.7f1/Editor/Data/Resources/UnitySubsystems
[Subsystems] Discovering subsystems at path C:/Users/macbe/Desktop/Bewijzenmap/Leerjaar2/Periode2.1/BO/Tower Defense/Tower Defense/Assets
GfxDevice: creating device client; threaded=0; jobified=0
Direct3D:
    Version:  Direct3D 11.0 [level 11.1]
    Renderer: NVIDIA GeForce GTX 1050 (ID=0x1c91)
    Vendor:   NVIDIA
    VRAM:     2996 MB
    Driver:   27.21.14.6627
Initialize mono
Mono path[0] = 'C:/Program Files/Unity/Hub/Editor/2021.1.7f1/Editor/Data/Managed'
Mono path[1] = 'C:/Program Files/Unity/Hub/Editor/2021.1.7f1/Editor/Data/MonoBleedingEdge/lib/mono/unityjit'
Mono config path = 'C:/Program Files/Unity/Hub/Editor/2021.1.7f1/Editor/Data/MonoBleedingEdge/etc'
Using monoOptions --debugger-agent=transport=dt_socket,embedding=1,server=y,suspend=n,address=127.0.0.1:56000
Begin MonoManager ReloadAssembly
Registering precompiled unity dll's ...
Register platform support module: C:/Program Files/Unity/Hub/Editor/2021.1.7f1/Editor/Data/PlaybackEngines/WindowsStandaloneSupport/UnityEditor.WindowsStandalone.Extensions.dll
Registered in 0.004134 seconds.
Native extension for WindowsStandalone target not found
Refreshing native plugins compatible for Editor in 71.12 ms, found 1 plugins.
Preloading 0 native plugins for Editor in 0.00 ms.
Mono: successfully reloaded assembly
- Completed reload, in  5.319 seconds
Platform modules already initialized, skipping
Registering precompiled user dll's ...
Registered in 0.007039 seconds.
Begin MonoManager ReloadAssembly
Symbol file LoadedFromMemory doesn't match image C:\Users\macbe\Desktop\Bewijzenmap\Leerjaar2\Periode2.1\BO\Tower Defense\Tower Defense\Library\PackageCache\com.unity.visualscripting@1.6.1\Editor\VisualScripting.Core\Dependencies\YamlDotNet\Unity.VisualScripting.YamlDotNet.dll
Symbol file LoadedFromMemory doesn't match image C:\Users\macbe\Desktop\Bewijzenmap\Leerjaar2\Periode2.1\BO\Tower Defense\Tower Defense\Library\PackageCache\com.unity.visualscripting@1.6.1\Editor\VisualScripting.Core\Dependencies\DotNetZip\Unity.VisualScripting.IonicZip.dll
Native extension for WindowsStandalone target not found
Refreshing native plugins compatible for Editor in 0.78 ms, found 1 plugins.
Preloading 0 native plugins for Editor in 0.00 ms.
Mono: successfully reloaded assembly
- Completed reload, in  0.963 seconds
Platform modules already initialized, skipping
========================================================================
Worker process is ready to serve import requests
Launched and connected shader compiler UnityShaderCompiler.exe after 0.06 seconds
Refreshing native plugins compatible for Editor in 1.62 ms, found 1 plugins.
Preloading 0 native plugins for Editor in 0.00 ms.
Unloading 2676 Unused Serialized files (Serialized files now loaded: 0)
System memory in use before: 99.8 MB.
System memory in use after: 99.9 MB.

Unloading 14 unused Assets to reduce memory usage. Loaded Objects now: 3130.
Total: 1.979900 ms (FindLiveObjects: 0.276500 ms CreateObjectMapping: 0.123500 ms MarkObjects: 1.498500 ms  DeleteObjects: 0.079800 ms)

========================================================================
Received Import Request.
  path: Assets/Scripts/EnemyCheck
  artifactKey: Guid(d92fa052cddd5b740a6330233d86994b) Importer(815301076,1909f56bfc062723c751e8b465ee728b)
Start importing Assets/Scripts/EnemyCheck using Guid(d92fa052cddd5b740a6330233d86994b) Importer(815301076,1909f56bfc062723c751e8b465ee728b)  -> (artifact id: '1a44625202bc2c25ef8287515babcbb9') in 0.005345 seconds 
========================================================================
Received Import Request.
  Time since last request: 8.973699 seconds.
  path: Assets/Scripts/Health
  artifactKey: Guid(a8cee356190d9894fa53a5ac1aa4a852) Importer(815301076,1909f56bfc062723c751e8b465ee728b)
Start importing Assets/Scripts/Health using Guid(a8cee356190d9894fa53a5ac1aa4a852) Importer(815301076,1909f56bfc062723c751e8b465ee728b)  -> (artifact id: '370edbcaf684a9409a20bcfcc4012bda') in 0.002891 seconds 
========================================================================
Received Import Request.
  Time since last request: 252.425391 seconds.
  path: Assets/Scripts/EnemyCheck/EnemyInRangeChecker.cs
  artifactKey: Guid(09039431c8d82164ba211255e02d2cc0) Importer(815301076,1909f56bfc062723c751e8b465ee728b)
Start importing Assets/Scripts/EnemyCheck/EnemyInRangeChecker.cs using Guid(09039431c8d82164ba211255e02d2cc0) Importer(815301076,1909f56bfc062723c751e8b465ee728b)  -> (artifact id: '9c4778e3685eaeed260fcd747622a88d') in 0.036917 seconds 
========================================================================
Received Import Request.
  Time since last request: 76.665371 seconds.
  path: Assets/Scripts/EnemyCheck/UnitInRangeChecker.cs
  artifactKey: Guid(09039431c8d82164ba211255e02d2cc0) Importer(815301076,1909f56bfc062723c751e8b465ee728b)
Start importing Assets/Scripts/EnemyCheck/UnitInRangeChecker.cs using Guid(09039431c8d82164ba211255e02d2cc0) Importer(815301076,1909f56bfc062723c751e8b465ee728b)  -> (artifact id: 'd68ed9cd09dd00d28e6f1054bfa4c101') in 0.003870 seconds 
========================================================================
Received Import Request.
  Time since last request: 13.579936 seconds.
  path: Assets/Scripts/EnemyCheck/UnitInRangeChecker.cs
  artifactKey: Guid(09039431c8d82164ba211255e02d2cc0) Importer(815301076,1909f56bfc062723c751e8b465ee728b)
Start importing Assets/Scripts/EnemyCheck/UnitInRangeChecker.cs using Guid(09039431c8d82164ba211255e02d2cc0) Importer(815301076,1909f56bfc062723c751e8b465ee728b)  -> (artifact id: '09da1079d5f7dcb3430deeaa6b4adbfd') in 0.002514 seconds 
========================================================================
Received Import Request.
  Time since last request: 115.368357 seconds.
  path: Assets/Scripts/EnemyCheck/Tower.cs
  artifactKey: Guid(25b2d5bed60ceea498bf1a91e37d75d0) Importer(815301076,1909f56bfc062723c751e8b465ee728b)
Start importing Assets/Scripts/EnemyCheck/Tower.cs using Guid(25b2d5bed60ceea498bf1a91e37d75d0) Importer(815301076,1909f56bfc062723c751e8b465ee728b)  -> (artifact id: '91e3aa42885b4c59adfdd43215551c00') in 0.002652 seconds 
========================================================================
Received Import Request.
  Time since last request: 277.896904 seconds.
  path: Assets/Scripts/EnemyCheck/Tower.cs
  artifactKey: Guid(25b2d5bed60ceea498bf1a91e37d75d0) Importer(815301076,1909f56bfc062723c751e8b465ee728b)
Start importing Assets/Scripts/EnemyCheck/Tower.cs using Guid(25b2d5bed60ceea498bf1a91e37d75d0) Importer(815301076,1909f56bfc062723c751e8b465ee728b)  -> (artifact id: 'c6492ed7d04beb8171cf22ced27380a0') in 0.003510 seconds 
========================================================================
Received Import Request.
  Time since last request: 15.318459 seconds.
  path: Assets/Scripts/EnemyCheck/Tower.cs
  artifactKey: Guid(25b2d5bed60ceea498bf1a91e37d75d0) Importer(815301076,1909f56bfc062723c751e8b465ee728b)
Start importing Assets/Scripts/EnemyCheck/Tower.cs using Guid(25b2d5bed60ceea498bf1a91e37d75d0) Importer(815301076,1909f56bfc062723c751e8b465ee728b)  -> (artifact id: '9a4ca0aa9c83cbd4fcf5c7bb6dce26b5') in 0.003580 seconds 
========================================================================
Received Prepare
Registering precompiled user dll's ...
Registered in 0.004686 seconds.
Begin MonoManager ReloadAssembly
Symbol file LoadedFromMemory doesn't match image C:\Users\macbe\Desktop\Bewijzenmap\Leerjaar2\Periode2.1\BO\Tower Defense\Tower Defense\Library\PackageCache\com.unity.visualscripting@1.6.1\Editor\VisualScripting.Core\Dependencies\YamlDotNet\Unity.VisualScripting.YamlDotNet.dll
Symbol file LoadedFromMemory doesn't match image C:\Users\macbe\Desktop\Bewijzenmap\Leerjaar2\Periode2.1\BO\Tower Defense\Tower Defense\Library\PackageCache\com.unity.visualscripting@1.6.1\Editor\VisualScripting.Core\Dependencies\DotNetZip\Unity.VisualScripting.IonicZip.dll
Native extension for WindowsStandalone target not found
Refreshing native plugins compatible for Editor in 0.50 ms, found 1 plugins.
Preloading 0 native plugins for Editor in 0.00 ms.
Mono: successfully reloaded assembly
- Completed reload, in  1.268 seconds
Platform modules already initialized, skipping
Refreshing native plugins compatible for Editor in 0.49 ms, found 1 plugins.
Preloading 0 native plugins for Editor in 0.00 ms.
Unloading 2673 Unused Serialized files (Serialized files now loaded: 0)
System memory in use before: 99.8 MB.
System memory in use after: 100.0 MB.

Unloading 9 unused Assets to reduce memory usage. Loaded Objects now: 3135.
Total: 2.121400 ms (FindLiveObjects: 0.224500 ms CreateObjectMapping: 0.122400 ms MarkObjects: 1.708700 ms  DeleteObjects: 0.064900 ms)

========================================================================
Received Import Request.
  Time since last request: 18.467569 seconds.
  path: Assets/Scripts/EnemyCheck/UnitInRangeChe.cs
  artifactKey: Guid(09039431c8d82164ba211255e02d2cc0) Importer(815301076,1909f56bfc062723c751e8b465ee728b)
Start importing Assets/Scripts/EnemyCheck/UnitInRangeChe.cs using Guid(09039431c8d82164ba211255e02d2cc0) Importer(815301076,1909f56bfc062723c751e8b465ee728b)  -> (artifact id: 'c8ba7af4d82001d8b51732f7cb273b95') in 0.009076 seconds 
========================================================================
Received Import Request.
  Time since last request: 6.035624 seconds.
  path: Assets/Scripts/EnemyCheck/UnitInRangeCheck.cs
  artifactKey: Guid(09039431c8d82164ba211255e02d2cc0) Importer(815301076,1909f56bfc062723c751e8b465ee728b)
Start importing Assets/Scripts/EnemyCheck/UnitInRangeCheck.cs using Guid(09039431c8d82164ba211255e02d2cc0) Importer(815301076,1909f56bfc062723c751e8b465ee728b)  -> (artifact id: 'd875d6b4b64fda08408476030a32d3a4') in 0.008283 seconds 
========================================================================
Received Prepare
Registering precompiled user dll's ...
Registered in 0.004339 seconds.
Begin MonoManager ReloadAssembly
Symbol file LoadedFromMemory doesn't match image C:\Users\macbe\Desktop\Bewijzenmap\Leerjaar2\Periode2.1\BO\Tower Defense\Tower Defense\Library\PackageCache\com.unity.visualscripting@1.6.1\Editor\VisualScripting.Core\Dependencies\YamlDotNet\Unity.VisualScripting.YamlDotNet.dll
Symbol file LoadedFromMemory doesn't match image C:\Users\macbe\Desktop\Bewijzenmap\Leerjaar2\Periode2.1\BO\Tower Defense\Tower Defense\Library\PackageCache\com.unity.visualscripting@1.6.1\Editor\VisualScripting.Core\Dependencies\DotNetZip\Unity.VisualScripting.IonicZip.dll
Native extension for WindowsStandalone target not found
Refreshing native plugins compatible for Editor in 0.76 ms, found 1 plugins.
Preloading 0 native plugins for Editor in 0.00 ms.
Mono: successfully reloaded assembly
- Completed reload, in  1.374 seconds
Platform modules already initialized, skipping
Refreshing native plugins compatible for Editor in 0.73 ms, found 1 plugins.
Preloading 0 native plugins for Editor in 0.00 ms.
Unloading 2673 Unused Serialized files (Serialized files now loaded: 0)
System memory in use before: 99.8 MB.
System memory in use after: 100.0 MB.

Unloading 9 unused Assets to reduce memory usage. Loaded Objects now: 3138.
Total: 2.293800 ms (FindLiveObjects: 0.202800 ms CreateObjectMapping: 0.113500 ms MarkObjects: 1.922100 ms  DeleteObjects: 0.054300 ms)

========================================================================
Received Import Request.
  Time since last request: 16.824242 seconds.
  path: Assets/Materials/Buildable.mat
  artifactKey: Guid(58ac86ac0a9fd874f97cca7f1dd04633) Importer(815301076,1909f56bfc062723c751e8b465ee728b)
Start importing Assets/Materials/Buildable.mat using Guid(58ac86ac0a9fd874f97cca7f1dd04633) Importer(815301076,1909f56bfc062723c751e8b465ee728b)  -> (artifact id: 'fb355b586f917a2fbad91cd12aa61f25') in 0.247551 seconds 
========================================================================
Received Import Request.
  Time since last request: 0.000275 seconds.
  path: Assets/Materials/WalkPath.mat
  artifactKey: Guid(92e254c79a68b5249a71b7ed8dcde336) Importer(815301076,1909f56bfc062723c751e8b465ee728b)
Start importing Assets/Materials/WalkPath.mat using Guid(92e254c79a68b5249a71b7ed8dcde336) Importer(815301076,1909f56bfc062723c751e8b465ee728b)  -> (artifact id: '7b823277ccb5f1e835acb252c9360465') in 0.012167 seconds 
========================================================================
Received Import Request.
  Time since last request: 0.000321 seconds.
  path: Assets/Materials/NoTowers.mat
  artifactKey: Guid(7d414d46e7d42bf41800771118f24e59) Importer(815301076,1909f56bfc062723c751e8b465ee728b)
Start importing Assets/Materials/NoTowers.mat using Guid(7d414d46e7d42bf41800771118f24e59) Importer(815301076,1909f56bfc062723c751e8b465ee728b)  -> (artifact id: 'f5a5a2d09e546f3d818c893cf0ba3114') in 0.017160 seconds 
========================================================================
Received Import Request.
  Time since last request: 0.000347 seconds.
  path: Assets/Materials/TheEnd.mat
  artifactKey: Guid(0a00971072b37d84bab47e8cc5628ada) Importer(815301076,1909f56bfc062723c751e8b465ee728b)
Start importing Assets/Materials/TheEnd.mat using Guid(0a00971072b37d84bab47e8cc5628ada) Importer(815301076,1909f56bfc062723c751e8b465ee728b)  -> (artifact id: '1c57abd8da0066d2de3fbebfa4d291cf') in 0.013213 seconds 
========================================================================
Received Import Request.
  Time since last request: 14.474248 seconds.
  path: Assets/Prefabs/TestObject.prefab
  artifactKey: Guid(4246e9988f1f55f4b8a19d09bdb72b40) Importer(815301076,1909f56bfc062723c751e8b465ee728b)
Start importing Assets/Prefabs/TestObject.prefab using Guid(4246e9988f1f55f4b8a19d09bdb72b40) Importer(815301076,1909f56bfc062723c751e8b465ee728b)  -> (artifact id: 'c88689dea5644368d286002283ad44e9') in 0.026645 seconds 
========================================================================
Received Import Request.
  Time since last request: 78.204118 seconds.
  path: Assets/Prefabs/TestObject.prefab
  artifactKey: Guid(4246e9988f1f55f4b8a19d09bdb72b40) Importer(815301076,1909f56bfc062723c751e8b465ee728b)
Start importing Assets/Prefabs/TestObject.prefab using Guid(4246e9988f1f55f4b8a19d09bdb72b40) Importer(815301076,1909f56bfc062723c751e8b465ee728b)  -> (artifact id: '00212470b694b2323b9b7ad55f762b7b') in 0.008961 seconds 
========================================================================
Received Import Request.
  Time since last request: 32.778400 seconds.
  path: ProjectSettings/TagManager.asset
  artifactKey: Guid(00000000000000003000000000000000) Importer(815301076,1909f56bfc062723c751e8b465ee728b)
Start importing ProjectSettings/TagManager.asset using Guid(00000000000000003000000000000000) Importer(815301076,1909f56bfc062723c751e8b465ee728b)  -> (artifact id: 'af7d9c7b98bd73463ec2ecb44ae29346') in 0.006161 seconds 
========================================================================
Received Import Request.
  Time since last request: 42.699514 seconds.
  path: Assets/Prefabs/TestObject.prefab
  artifactKey: Guid(4246e9988f1f55f4b8a19d09bdb72b40) Importer(815301076,1909f56bfc062723c751e8b465ee728b)
Start importing Assets/Prefabs/TestObject.prefab using Guid(4246e9988f1f55f4b8a19d09bdb72b40) Importer(815301076,1909f56bfc062723c751e8b465ee728b)  -> (artifact id: 'bb7288efc8c29a3b47f582068cf9f988') in 0.008403 seconds 
========================================================================
Received Prepare
Registering precompiled user dll's ...
Registered in 0.002706 seconds.
Begin MonoManager ReloadAssembly
Symbol file LoadedFromMemory doesn't match image C:\Users\macbe\Desktop\Bewijzenmap\Leerjaar2\Periode2.1\BO\Tower Defense\Tower Defense\Library\PackageCache\com.unity.visualscripting@1.6.1\Editor\VisualScripting.Core\Dependencies\YamlDotNet\Unity.VisualScripting.YamlDotNet.dll
Symbol file LoadedFromMemory doesn't match image C:\Users\macbe\Desktop\Bewijzenmap\Leerjaar2\Periode2.1\BO\Tower Defense\Tower Defense\Library\PackageCache\com.unity.visualscripting@1.6.1\Editor\VisualScripting.Core\Dependencies\DotNetZip\Unity.VisualScripting.IonicZip.dll
Native extension for WindowsStandalone target not found
Refreshing native plugins compatible for Editor in 0.51 ms, found 1 plugins.
Preloading 0 native plugins for Editor in 0.00 ms.
Mono: successfully reloaded assembly
- Completed reload, in  1.009 seconds
Platform modules already initialized, skipping
Refreshing native plugins compatible for Editor in 0.52 ms, found 1 plugins.
Preloading 0 native plugins for Editor in 0.00 ms.
Unloading 2673 Unused Serialized files (Serialized files now loaded: 0)
System memory in use before: 103.8 MB.
System memory in use after: 104.0 MB.

Unloading 11 unused Assets to reduce memory usage. Loaded Objects now: 3182.
Total: 2.055500 ms (FindLiveObjects: 0.216700 ms CreateObjectMapping: 0.138100 ms MarkObjects: 1.649900 ms  DeleteObjects: 0.049800 ms)

========================================================================
Received Prepare
Registering precompiled user dll's ...
Registered in 0.003894 seconds.
Begin MonoManager ReloadAssembly
Symbol file LoadedFromMemory doesn't match image C:\Users\macbe\Desktop\Bewijzenmap\Leerjaar2\Periode2.1\BO\Tower Defense\Tower Defense\Library\PackageCache\com.unity.visualscripting@1.6.1\Editor\VisualScripting.Core\Dependencies\YamlDotNet\Unity.VisualScripting.YamlDotNet.dll
Symbol file LoadedFromMemory doesn't match image C:\Users\macbe\Desktop\Bewijzenmap\Leerjaar2\Periode2.1\BO\Tower Defense\Tower Defense\Library\PackageCache\com.unity.visualscripting@1.6.1\Editor\VisualScripting.Core\Dependencies\DotNetZip\Unity.VisualScripting.IonicZip.dll
Native extension for WindowsStandalone target not found
Refreshing native plugins compatible for Editor in 0.61 ms, found 1 plugins.
Preloading 0 native plugins for Editor in 0.00 ms.
Mono: successfully reloaded assembly
- Completed reload, in  1.437 seconds
Platform modules already initialized, skipping
Refreshing native plugins compatible for Editor in 0.46 ms, found 1 plugins.
Preloading 0 native plugins for Editor in 0.00 ms.
Unloading 2673 Unused Serialized files (Serialized files now loaded: 0)
System memory in use before: 103.8 MB.
System memory in use after: 104.0 MB.

Unloading 9 unused Assets to reduce memory usage. Loaded Objects now: 3185.
Total: 3.222900 ms (FindLiveObjects: 0.239100 ms CreateObjectMapping: 0.105400 ms MarkObjects: 2.817000 ms  DeleteObjects: 0.060500 ms)

========================================================================
Received Import Request.
  Time since last request: 265.384481 seconds.
  path: Assets/Prefabs/TestObject.prefab
  artifactKey: Guid(4246e9988f1f55f4b8a19d09bdb72b40) Importer(815301076,1909f56bfc062723c751e8b465ee728b)
Start importing Assets/Prefabs/TestObject.prefab using Guid(4246e9988f1f55f4b8a19d09bdb72b40) Importer(815301076,1909f56bfc062723c751e8b465ee728b)  -> (artifact id: 'f4163d523fd3fd8f12f593a9ef25ab06') in 0.076448 seconds 
========================================================================
Received Prepare
Registering precompiled user dll's ...
Registered in 0.003270 seconds.
Begin MonoManager ReloadAssembly
Symbol file LoadedFromMemory doesn't match image C:\Users\macbe\Desktop\Bewijzenmap\Leerjaar2\Periode2.1\BO\Tower Defense\Tower Defense\Library\PackageCache\com.unity.visualscripting@1.6.1\Editor\VisualScripting.Core\Dependencies\YamlDotNet\Unity.VisualScripting.YamlDotNet.dll
Symbol file LoadedFromMemory doesn't match image C:\Users\macbe\Desktop\Bewijzenmap\Leerjaar2\Periode2.1\BO\Tower Defense\Tower Defense\Library\PackageCache\com.unity.visualscripting@1.6.1\Editor\VisualScripting.Core\Dependencies\DotNetZip\Unity.VisualScripting.IonicZip.dll
Native extension for WindowsStandalone target not found
Refreshing native plugins compatible for Editor in 0.45 ms, found 1 plugins.
Preloading 0 native plugins for Editor in 0.00 ms.
Mono: successfully reloaded assembly
- Completed reload, in  0.992 seconds
Platform modules already initialized, skipping
Refreshing native plugins compatible for Editor in 0.46 ms, found 1 plugins.
Preloading 0 native plugins for Editor in 0.00 ms.
Unloading 2673 Unused Serialized files (Serialized files now loaded: 0)
System memory in use before: 103.8 MB.
System memory in use after: 104.0 MB.

Unloading 10 unused Assets to reduce memory usage. Loaded Objects now: 3189.
Total: 2.015800 ms (FindLiveObjects: 0.223400 ms CreateObjectMapping: 0.109900 ms MarkObjects: 1.634900 ms  DeleteObjects: 0.046200 ms)

========================================================================
Received Prepare
Registering precompiled user dll's ...
Registered in 0.002555 seconds.
Begin MonoManager ReloadAssembly
Symbol file LoadedFromMemory doesn't match image C:\Users\macbe\Desktop\Bewijzenmap\Leerjaar2\Periode2.1\BO\Tower Defense\Tower Defense\Library\PackageCache\com.unity.visualscripting@1.6.1\Editor\VisualScripting.Core\Dependencies\YamlDotNet\Unity.VisualScripting.YamlDotNet.dll
Symbol file LoadedFromMemory doesn't match image C:\Users\macbe\Desktop\Bewijzenmap\Leerjaar2\Periode2.1\BO\Tower Defense\Tower Defense\Library\PackageCache\com.unity.visualscripting@1.6.1\Editor\VisualScripting.Core\Dependencies\DotNetZip\Unity.VisualScripting.IonicZip.dll
Native extension for WindowsStandalone target not found
Refreshing native plugins compatible for Editor in 0.45 ms, found 1 plugins.
Preloading 0 native plugins for Editor in 0.00 ms.
Mono: successfully reloaded assembly
- Completed reload, in  0.969 seconds
Platform modules already initialized, skipping
Refreshing native plugins compatible for Editor in 0.52 ms, found 1 plugins.
Preloading 0 native plugins for Editor in 0.00 ms.
Unloading 2673 Unused Serialized files (Serialized files now loaded: 0)
System memory in use before: 103.8 MB.
System memory in use after: 104.0 MB.

Unloading 9 unused Assets to reduce memory usage. Loaded Objects now: 3192.
Total: 2.117000 ms (FindLiveObjects: 0.220200 ms CreateObjectMapping: 0.111200 ms MarkObjects: 1.740400 ms  DeleteObjects: 0.044400 ms)

========================================================================
Received Import Request.
  Time since last request: 253.592282 seconds.
  path: Assets/Prefabs/TestObject.prefab
  artifactKey: Guid(4246e9988f1f55f4b8a19d09bdb72b40) Importer(815301076,1909f56bfc062723c751e8b465ee728b)
Start importing Assets/Prefabs/TestObject.prefab using Guid(4246e9988f1f55f4b8a19d09bdb72b40) Importer(815301076,1909f56bfc062723c751e8b465ee728b)  -> (artifact id: 'ea55298bd1842265a1a0faf1dc77787e') in 0.066246 seconds 
========================================================================
Received Prepare
Registering precompiled user dll's ...
Registered in 0.002587 seconds.
Begin MonoManager ReloadAssembly
Symbol file LoadedFromMemory doesn't match image C:\Users\macbe\Desktop\Bewijzenmap\Leerjaar2\Periode2.1\BO\Tower Defense\Tower Defense\Library\PackageCache\com.unity.visualscripting@1.6.1\Editor\VisualScripting.Core\Dependencies\YamlDotNet\Unity.VisualScripting.YamlDotNet.dll
Symbol file LoadedFromMemory doesn't match image C:\Users\macbe\Desktop\Bewijzenmap\Leerjaar2\Periode2.1\BO\Tower Defense\Tower Defense\Library\PackageCache\com.unity.visualscripting@1.6.1\Editor\VisualScripting.Core\Dependencies\DotNetZip\Unity.VisualScripting.IonicZip.dll
Native extension for WindowsStandalone target not found
Refreshing native plugins compatible for Editor in 0.44 ms, found 1 plugins.
Preloading 0 native plugins for Editor in 0.00 ms.
Mono: successfully reloaded assembly
- Completed reload, in  0.920 seconds
Platform modules already initialized, skipping
Refreshing native plugins compatible for Editor in 0.48 ms, found 1 plugins.
Preloading 0 native plugins for Editor in 0.00 ms.
Unloading 2673 Unused Serialized files (Serialized files now loaded: 0)
System memory in use before: 103.9 MB.
System memory in use after: 104.1 MB.

Unloading 10 unused Assets to reduce memory usage. Loaded Objects now: 3196.
Total: 1.948100 ms (FindLiveObjects: 0.231200 ms CreateObjectMapping: 0.123300 ms MarkObjects: 1.545700 ms  DeleteObjects: 0.046800 ms)

AssetImportWorkerClient::OnTransportError - code=2 error=End of file
